#
# There is insufficient memory for the Java Runtime Environment to continue.
# Native memory allocation (mmap) failed to map 266338304 bytes for G1 virtual space
# Possible reasons:
#   The system is out of physical RAM or swap space
#   The process is running with CompressedOops enabled, and the Java Heap may be blocking the growth of the native heap
# Possible solutions:
#   Reduce memory load on the system
#   Increase physical memory or swap space
#   Check if swap backing store is full
#   Decrease Java heap size (-Xmx/-Xms)
#   Decrease number of Java threads
#   Decrease Java thread stack sizes (-Xss)
#   Set larger code cache with -XX:ReservedCodeCacheSize=
#   JVM is running with Zero Based Compressed Oops mode in which the Java heap is
#     placed in the first 32GB address space. The Java Heap base address is the
#     maximum limit for the native heap growth. Please use -XX:HeapBaseMinAddress
#     to set the Java Heap base and to place the Java Heap above 32GB virtual address.
# This output file may be truncated or incomplete.
#
#  Out of Memory Error (os_windows.cpp:3760), pid=32452, tid=24368
#
# JRE version:  (17.0.5+1) (build )
# Java VM: OpenJDK 64-Bit Server VM (17.0.5+1-b653.25, mixed mode, sharing, tiered, compressed oops, compressed class ptrs, g1 gc, windows-amd64)
# No core dump will be written. Minidumps are not enabled by default on client versions of Windows
#

---------------  S U M M A R Y ------------

Command Line: git4idea.http.GitAskPassApp Username for 'https://github.com': 

Host: Intel(R) Core(TM) i7-8750H CPU @ 2.20GHz, 12 cores, 15G,  Windows 11 , 64 bit Build 22621 (10.0.22621.1194)
Time: Tue Feb 28 08:24:02 2023 E. South America Standard Time elapsed time: 0.020301 seconds (0d 0h 0m 0s)

---------------  T H R E A D  ---------------

Current thread (0x0000021ce073e050):  JavaThread "Unknown thread" [_thread_in_vm, id=24368, stack(0x000000f7d1500000,0x000000f7d1600000)]

Stack: [0x000000f7d1500000,0x000000f7d1600000]
Native frames: (J=compiled Java code, j=interpreted, Vv=VM code, C=native code)
V  [jvm.dll+0x6830ca]
V  [jvm.dll+0x83f4c4]
V  [jvm.dll+0x840c6e]
V  [jvm.dll+0x8412d3]
V  [jvm.dll+0x2490b5]
V  [jvm.dll+0x67ff99]
V  [jvm.dll+0x6744aa]
V  [jvm.dll+0x308f2b]
V  [jvm.dll+0x3103e6]
V  [jvm.dll+0x36013e]
V  [jvm.dll+0x36036f]
V  [jvm.dll+0x2df018]
V  [jvm.dll+0x2dff84]
V  [jvm.dll+0x810d91]
V  [jvm.dll+0x36df31]
V  [jvm.dll+0x7f028c]
V  [jvm.dll+0x3f0cbf]
V  [jvm.dll+0x3f2801]
C  [jli.dll+0x526b]
C  [ucrtbase.dll+0x29363]
C  [KERNEL32.DLL+0x126bd]
C  [ntdll.dll+0x5dfb8]


---------------  P R O C E S S  ---------------

Threads class SMR info:
_java_thread_list=0x00007ffe14be8f98, length=0, elements={
}

Java Threads: ( => current thread )

Other Threads:
  0x0000021ce07aa300 GCTaskThread "GC Thread#0" [stack: 0x000000f7d1600000,0x000000f7d1700000] [id=12036]
  0x0000021ce07bb000 ConcurrentGCThread "G1 Main Marker" [stack: 0x000000f7d1700000,0x000000f7d1800000] [id=45368]
  0x0000021ce07bbb70 ConcurrentGCThread "G1 Conc#0" [stack: 0x000000f7d1800000,0x000000f7d1900000] [id=33264]

[error occurred during error reporting (printing all threads), id 0xc0000005, EXCEPTION_ACCESS_VIOLATION (0xc0000005) at pc=0x00007ffe1439fbd7]

VM state: not at safepoint (not fully initialized)

VM Mutex/Monitor currently owned by a thread:  ([mutex/lock_event])
[0x0000021ce073a360] Heap_lock - owner thread: 0x0000021ce073e050

Heap address: 0x0000000702400000, size: 4060 MB, Compressed Oops mode: Zero based, Oop shift amount: 3

CDS archive(s) mapped at: [0x0000000000000000-0x0000000000000000-0x0000000000000000), size 0, SharedBaseAddress: 0x0000000800000000, ArchiveRelocationMode: 0.
Narrow klass base: 0x0000000000000000, Narrow klass shift: 0, Narrow klass range: 0x0

GC Precious Log:
<Empty>

Heap:
 garbage-first heap   total 0K, used 0K [0x0000000702400000, 0x0000000800000000)
  region size 2048K, 0 young (0K), 0 survivors (0K)

[error occurred during error reporting (printing heap information), id 0xc0000005, EXCEPTION_ACCESS_VIOLATION (0xc0000005) at pc=0x00007ffe1478cd59]

GC Heap History (0 events):
No events

Dll operation events (1 events):
Event: 0.012 Loaded shared library C:\Program Files\JetBrains\IntelliJ IDEA 2022.3.2\jbr\bin\java.dll

Deoptimization events (0 events):
No events

Classes unloaded (0 events):
No events

Classes redefined (0 events):
No events

Internal exceptions (0 events):
No events

VM Operations (0 events):
No events

Events (0 events):
No events


Dynamic libraries:
0x00007ff7d7fc0000 - 0x00007ff7d7fca000 	C:\Program Files\JetBrains\IntelliJ IDEA 2022.3.2\jbr\bin\java.exe
0x00007ffe715d0000 - 0x00007ffe717e4000 	C:\WINDOWS\SYSTEM32\ntdll.dll
0x00007ffe708a0000 - 0x00007ffe70963000 	C:\WINDOWS\System32\KERNEL32.DLL
0x00007ffe6eeb0000 - 0x00007ffe6f24c000 	C:\WINDOWS\System32\KERNELBASE.dll
0x00007ffe6ebf0000 - 0x00007ffe6ed01000 	C:\WINDOWS\System32\ucrtbase.dll
0x00007ffe67000000 - 0x00007ffe67017000 	C:\Program Files\JetBrains\IntelliJ IDEA 2022.3.2\jbr\bin\jli.dll
0x00007ffe628d0000 - 0x00007ffe628eb000 	C:\Program Files\JetBrains\IntelliJ IDEA 2022.3.2\jbr\bin\VCRUNTIME140.dll
0x00007ffe705f0000 - 0x00007ffe7079d000 	C:\WINDOWS\System32\USER32.dll
0x00007ffe6ee80000 - 0x00007ffe6eea6000 	C:\WINDOWS\System32\win32u.dll
0x00007ffe6ffd0000 - 0x00007ffe6fff9000 	C:\WINDOWS\System32\GDI32.dll
0x00007ffe56f50000 - 0x00007ffe571de000 	C:\WINDOWS\WinSxS\amd64_microsoft.windows.common-controls_6595b64144ccf1df_6.0.22621.608_none_a9444ca7c10bb01d\COMCTL32.dll
0x00007ffe6ea10000 - 0x00007ffe6eb22000 	C:\WINDOWS\System32\gdi32full.dll
0x00007ffe70a80000 - 0x00007ffe70b27000 	C:\WINDOWS\System32\msvcrt.dll
0x00007ffe6f2c0000 - 0x00007ffe6f35a000 	C:\WINDOWS\System32\msvcp_win.dll
0x00007ffe6ff20000 - 0x00007ffe6ff52000 	C:\WINDOWS\System32\IMM32.DLL
0x00007ffe56720000 - 0x00007ffe5672c000 	C:\Program Files\JetBrains\IntelliJ IDEA 2022.3.2\jbr\bin\vcruntime140_1.dll
0x00007ffe27860000 - 0x00007ffe278ed000 	C:\Program Files\JetBrains\IntelliJ IDEA 2022.3.2\jbr\bin\msvcp140.dll
0x00007ffe140b0000 - 0x00007ffe14d1b000 	C:\Program Files\JetBrains\IntelliJ IDEA 2022.3.2\jbr\bin\server\jvm.dll
0x00007ffe714c0000 - 0x00007ffe7156e000 	C:\WINDOWS\System32\ADVAPI32.dll
0x00007ffe70b30000 - 0x00007ffe70bd4000 	C:\WINDOWS\System32\sechost.dll
0x00007ffe6fd00000 - 0x00007ffe6fe15000 	C:\WINDOWS\System32\RPCRT4.dll
0x00007ffe52a60000 - 0x00007ffe52a69000 	C:\WINDOWS\SYSTEM32\WSOCK32.dll
0x00007ffe661f0000 - 0x00007ffe66224000 	C:\WINDOWS\SYSTEM32\WINMM.dll
0x00007ffe6f400000 - 0x00007ffe6f471000 	C:\WINDOWS\System32\WS2_32.dll
0x00007ffe64af0000 - 0x00007ffe64afa000 	C:\WINDOWS\SYSTEM32\VERSION.dll
0x00007ffe6d9d0000 - 0x00007ffe6d9e8000 	C:\WINDOWS\SYSTEM32\kernel.appcore.dll
0x00007ffe69290000 - 0x00007ffe6929a000 	C:\Program Files\JetBrains\IntelliJ IDEA 2022.3.2\jbr\bin\jimage.dll
0x00007ffe6be50000 - 0x00007ffe6c07e000 	C:\WINDOWS\SYSTEM32\DBGHELP.DLL
0x00007ffe70c40000 - 0x00007ffe70fca000 	C:\WINDOWS\System32\combase.dll
0x00007ffe71220000 - 0x00007ffe712f7000 	C:\WINDOWS\System32\OLEAUT32.dll
0x00007ffe61a80000 - 0x00007ffe61ab2000 	C:\WINDOWS\SYSTEM32\dbgcore.DLL
0x00007ffe6f360000 - 0x00007ffe6f3db000 	C:\WINDOWS\System32\bcryptPrimitives.dll
0x00007ffe69010000 - 0x00007ffe69035000 	C:\Program Files\JetBrains\IntelliJ IDEA 2022.3.2\jbr\bin\java.dll

dbghelp: loaded successfully - version: 4.0.5 - missing functions: none
symbol engine: initialized successfully - sym options: 0x614 - pdb path: .;C:\Program Files\JetBrains\IntelliJ IDEA 2022.3.2\jbr\bin;C:\WINDOWS\SYSTEM32;C:\WINDOWS\WinSxS\amd64_microsoft.windows.common-controls_6595b64144ccf1df_6.0.22621.608_none_a9444ca7c10bb01d;C:\Program Files\JetBrains\IntelliJ IDEA 2022.3.2\jbr\bin\server

VM Arguments:
java_command: git4idea.http.GitAskPassApp Username for 'https://github.com': 
java_class_path (initial): C:/Program Files/JetBrains/IntelliJ IDEA 2022.3.2/plugins/vcs-git/lib/git4idea-rt.jar;C:/Program Files/JetBrains/IntelliJ IDEA 2022.3.2/lib/externalProcess-rt.jar;C:/Program Files/JetBrains/IntelliJ IDEA 2022.3.2/lib/app.jar;C:/Program Files/JetBrains/IntelliJ IDEA 2022.3.2/lib/3rd-party-rt.jar
Launcher Type: SUN_STANDARD

[Global flags]
     intx CICompilerCount                          = 4                                         {product} {ergonomic}
     uint ConcGCThreads                            = 3                                         {product} {ergonomic}
     uint G1ConcRefinementThreads                  = 10                                        {product} {ergonomic}
   size_t G1HeapRegionSize                         = 2097152                                   {product} {ergonomic}
    uintx GCDrainStackTargetSize                   = 64                                        {product} {ergonomic}
   size_t InitialHeapSize                          = 266338304                                 {product} {ergonomic}
   size_t MarkStackSize                            = 4194304                                   {product} {ergonomic}
   size_t MaxHeapSize                              = 4257218560                                {product} {ergonomic}
   size_t MinHeapDeltaBytes                        = 2097152                                   {product} {ergonomic}
   size_t MinHeapSize                              = 8388608                                   {product} {ergonomic}
    uintx NonNMethodCodeHeapSize                   = 5839372                                {pd product} {ergonomic}
    uintx NonProfiledCodeHeapSize                  = 122909434                              {pd product} {ergonomic}
    uintx ProfiledCodeHeapSize                     = 122909434                              {pd product} {ergonomic}
    uintx ReservedCodeCacheSize                    = 251658240                              {pd product} {ergonomic}
     bool SegmentedCodeCache                       = true                                      {product} {ergonomic}
   size_t SoftMaxHeapSize                          = 4257218560                             {manageable} {ergonomic}
     bool UseCompressedClassPointers               = true                           {product lp64_product} {ergonomic}
     bool UseCompressedOops                        = true                           {product lp64_product} {ergonomic}
     bool UseG1GC                                  = true                                      {product} {ergonomic}
     bool UseLargePagesIndividualAllocation        = false                                  {pd product} {ergonomic}

Logging:
Log output configuration:
 #0: stdout all=warning uptime,level,tags
 #1: stderr all=off uptime,level,tags

Environment Variables:
JAVA_HOME=C:\Program Files\Java\jdk-17.0.5
PATH=C:\Program Files\Git\mingw64\libexec\git-core;C:\Program Files\Git\mingw64\libexec\git-core;C:\Program Files\Git\mingw64\bin;C:\Program Files\Git\usr\bin;C:\Users\vinic\bin;C:\Users\vinic\AppData\Local\Programs\Python\Python310\Scripts;C:\Users\vinic\AppData\Local\Programs\Python\Python310;C:\Program Files (x86)\VMware\VMware Player\bin;C:\Program Files\Common Files\Oracle\Java\javapath;C:\Program Files (x86)\Common Files\Oracle\Java\javapath;C:\ProgramData\Oracle\Java\javapath;C:\Program Files (x86)\Intel\Intel(R) Management Engine Components\iCLS;C:\Program Files\Intel\Intel(R) Management Engine Components\iCLS;C:\Windows\system32;C:\Windows;C:\Windows\System32\Wbem;C:\Windows\System32\WindowsPowerShell\v1.0;C:\Windows\System32\OpenSSH;C:\Program Files (x86)\NVIDIA Corporation\PhysX\Common;C:\Program Files\NVIDIA Corporation\NVIDIA NvDLISR;C:\Program Files (x86)\Intel\Intel(R) Management Engine Components\DAL;C:\Program Files\Intel\Intel(R) Management Engine Components\DAL;C:\Program Files\Intel\WiFi\bin;C:\Program Files\Common Files\Intel\WirelessCommon;C:\WINDOWS\system32;C:\WINDOWS;C:\WINDOWS\System32\Wbem;C:\WINDOWS\System32\WindowsPowerShell\v1.0;C:\WINDOWS\System32\OpenSSH;C:\ProgramData\chocolatey\bin;C:\HashiCorp\Vagrant\bin;C:\Program Files\dotnet;C:\Program Files\nodejs;C:\Program Files\Microsoft SQL Server\150\Tools\Binn;C:\Program Files\Java\jdk-17.0.5\bin;C:\Maven\bin;C:\WINDOWS\system32;C:\WINDOWS;C:\WINDOWS\System32\Wbem;C:\WINDOWS\System32\WindowsPowerShell\v1.0;C:\WINDOWS\System32\OpenSSH;C:\Program Files\Docker\Docker\resources\bin;C:\Program Files\Git\cmd;C:\Program Files\MySQL\MySQL Shell 8.0\bin;C:\Users\vinic\AppData\Local\Microsoft\WindowsApps;C:\Users\vinic\AppData\Local\GitHubDesktop\bin;%ANDROID_HOME%\platform-tools;C:\Users\vinic\AppData\Local\Programs\Hyper\resources\bin;C:\Program Files\JetBrains\IntelliJ IDEA 2022.2\bin;C:\Program Files\JetBrains\IntelliJ IDEA Community Edition 2022.3\bin;C:\Users\vinic\AppData\Roaming\npm;%ANDROID_
USERNAME=Vinicius Teixeira
DISPLAY=:0.0
LC_ALL=en_US.UTF-8
TERM=xterm-256color
TMPDIR=C:\Users\vinic\AppData\Local\Temp
OS=Windows_NT
PROCESSOR_IDENTIFIER=Intel64 Family 6 Model 158 Stepping 10, GenuineIntel
TMP=C:\Users\vinic\AppData\Local\Temp
TEMP=C:\Users\vinic\AppData\Local\Temp



---------------  S Y S T E M  ---------------

OS:
 Windows 11 , 64 bit Build 22621 (10.0.22621.1194)
OS uptime: 3 days 14:18 hours
Hyper-V role detected

CPU: total 12 (initial active 12) (6 cores per cpu, 2 threads per core) family 6 model 158 stepping 10 microcode 0xde, cx8, cmov, fxsr, ht, mmx, 3dnowpref, sse, sse2, sse3, ssse3, sse4.1, sse4.2, popcnt, lzcnt, tsc, tscinvbit, avx, avx2, aes, erms, clmul, bmi1, bmi2, adx, fma, vzeroupper, clflush, clflushopt, hv

Memory: 4k page, system-wide physical 16233M (537M free)
TotalPageFile size 65385M (AvailPageFile size 21M)
current process WorkingSet (physical memory assigned to process): 11M, peak: 11M
current process commit charge ("private bytes"): 64M, peak: 318M

vm_info: OpenJDK 64-Bit Server VM (17.0.5+1-b653.25) for windows-amd64 JRE (17.0.5+1-b653.25), built on 2023-01-04 by "builduser" with MS VC++ 16.10 / 16.11 (VS2019)

END.
